<?xml version="1.0" encoding="UTF-8"?>
<testng-results ignored="0" total="10" passed="10" failed="0" skipped="0">
  <reporter-output>
  </reporter-output>
  <suite started-at="2023-03-30T10:57:09 SAMT" name="All Test Suite" finished-at="2023-03-30T10:57:13 SAMT" duration-ms="4241">
    <groups>
    </groups>
    <test started-at="2023-03-30T10:57:09 SAMT" name="/Users/nfedorov/IdeaProjects/globalsQa" finished-at="2023-03-30T10:57:13 SAMT" duration-ms="4241">
      <class name="tests.SortCustomersListTest">
        <test-method is-config="true" signature="setup()[pri:0, instance:tests.SortCustomersListTest@7ff09659]" started-at="2023-03-30T10:57:09 SAMT" name="setup" finished-at="2023-03-30T10:57:11 SAMT" duration-ms="2292" status="PASS">
          <reporter-output>
          </reporter-output>
        </test-method> <!-- setup -->
        <test-method signature="reverseSortCustomersList()[pri:0, instance:tests.SortCustomersListTest@7ff09659]" started-at="2023-03-30T10:57:11 SAMT" name="reverseSortCustomersList" finished-at="2023-03-30T10:57:11 SAMT" duration-ms="426" status="PASS">
          <reporter-output>
          </reporter-output>
        </test-method> <!-- reverseSortCustomersList -->
        <test-method is-config="true" signature="setup()[pri:0, instance:tests.SortCustomersListTest@7ff09659]" started-at="2023-03-30T10:57:12 SAMT" name="setup" finished-at="2023-03-30T10:57:12 SAMT" duration-ms="30" status="PASS">
          <reporter-output>
          </reporter-output>
        </test-method> <!-- setup -->
        <test-method signature="sortCustomersList()[pri:0, instance:tests.SortCustomersListTest@7ff09659]" started-at="2023-03-30T10:57:12 SAMT" name="sortCustomersList" finished-at="2023-03-30T10:57:12 SAMT" duration-ms="116" status="PASS">
          <reporter-output>
          </reporter-output>
        </test-method> <!-- sortCustomersList -->
        <test-method is-config="true" signature="tearDown()[pri:0, instance:tests.SortCustomersListTest@7ff09659]" started-at="2023-03-30T10:57:12 SAMT" name="tearDown" finished-at="2023-03-30T10:57:12 SAMT" duration-ms="111" status="PASS">
          <reporter-output>
          </reporter-output>
        </test-method> <!-- tearDown -->
      </class> <!-- tests.SortCustomersListTest -->
      <class name="tests.AddCustomerTest">
        <test-method is-config="true" signature="setup()[pri:0, instance:tests.AddCustomerTest@4eb63dc8]" started-at="2023-03-30T10:57:09 SAMT" name="setup" finished-at="2023-03-30T10:57:11 SAMT" duration-ms="2744" status="PASS">
          <reporter-output>
          </reporter-output>
        </test-method> <!-- setup -->
        <test-method signature="addNewCustomer()[pri:0, instance:tests.AddCustomerTest@4eb63dc8]" started-at="2023-03-30T10:57:11 SAMT" name="addNewCustomer" finished-at="2023-03-30T10:57:12 SAMT" duration-ms="552" status="PASS">
          <reporter-output>
          </reporter-output>
        </test-method> <!-- addNewCustomer -->
        <test-method is-config="true" signature="closeAlert()[pri:0, instance:tests.AddCustomerTest@4eb63dc8]" started-at="2023-03-30T10:57:12 SAMT" name="closeAlert" finished-at="2023-03-30T10:57:12 SAMT" duration-ms="7" status="PASS">
          <reporter-output>
          </reporter-output>
        </test-method> <!-- closeAlert -->
        <test-method is-config="true" signature="setup()[pri:0, instance:tests.AddCustomerTest@4eb63dc8]" started-at="2023-03-30T10:57:12 SAMT" name="setup" finished-at="2023-03-30T10:57:12 SAMT" duration-ms="23" status="PASS">
          <reporter-output>
          </reporter-output>
        </test-method> <!-- setup -->
        <test-method signature="addNewCustomerWithInvalidData(java.lang.String,java.lang.String,java.lang.String)[pri:0, instance:tests.AddCustomerTest@4eb63dc8]" started-at="2023-03-30T10:57:12 SAMT" name="addNewCustomerWithInvalidData" data-provider="nonValidValuesDataProvider" finished-at="2023-03-30T10:57:12 SAMT" duration-ms="101" status="PASS">
          <params>
            <param index="0">
              <value>
                <![CDATA[]]>
              </value>
            </param>
            <param index="1">
              <value>
                <![CDATA[]]>
              </value>
            </param>
            <param index="2">
              <value>
                <![CDATA[]]>
              </value>
            </param>
          </params>
          <reporter-output>
          </reporter-output>
        </test-method> <!-- addNewCustomerWithInvalidData -->
        <test-method is-config="true" signature="closeAlert()[pri:0, instance:tests.AddCustomerTest@4eb63dc8]" started-at="2023-03-30T10:57:12 SAMT" name="closeAlert" finished-at="2023-03-30T10:57:12 SAMT" duration-ms="1" status="PASS">
          <reporter-output>
          </reporter-output>
        </test-method> <!-- closeAlert -->
        <test-method is-config="true" signature="setup()[pri:0, instance:tests.AddCustomerTest@4eb63dc8]" started-at="2023-03-30T10:57:12 SAMT" name="setup" finished-at="2023-03-30T10:57:12 SAMT" duration-ms="20" status="PASS">
          <reporter-output>
          </reporter-output>
        </test-method> <!-- setup -->
        <test-method signature="addNewCustomerWithInvalidData(java.lang.String,java.lang.String,java.lang.String)[pri:0, instance:tests.AddCustomerTest@4eb63dc8]" started-at="2023-03-30T10:57:12 SAMT" name="addNewCustomerWithInvalidData" data-provider="nonValidValuesDataProvider" finished-at="2023-03-30T10:57:12 SAMT" duration-ms="171" status="PASS">
          <params>
            <param index="0">
              <value>
                <![CDATA[]]>
              </value>
            </param>
            <param index="1">
              <value>
                <![CDATA[Joaquin]]>
              </value>
            </param>
            <param index="2">
              <value>
                <![CDATA[67868-6571]]>
              </value>
            </param>
          </params>
          <reporter-output>
          </reporter-output>
        </test-method> <!-- addNewCustomerWithInvalidData -->
        <test-method is-config="true" signature="closeAlert()[pri:0, instance:tests.AddCustomerTest@4eb63dc8]" started-at="2023-03-30T10:57:12 SAMT" name="closeAlert" finished-at="2023-03-30T10:57:12 SAMT" duration-ms="2" status="PASS">
          <reporter-output>
          </reporter-output>
        </test-method> <!-- closeAlert -->
        <test-method is-config="true" signature="setup()[pri:0, instance:tests.AddCustomerTest@4eb63dc8]" started-at="2023-03-30T10:57:12 SAMT" name="setup" finished-at="2023-03-30T10:57:12 SAMT" duration-ms="25" status="PASS">
          <reporter-output>
          </reporter-output>
        </test-method> <!-- setup -->
        <test-method signature="addNewCustomerWithInvalidData(java.lang.String,java.lang.String,java.lang.String)[pri:0, instance:tests.AddCustomerTest@4eb63dc8]" started-at="2023-03-30T10:57:12 SAMT" name="addNewCustomerWithInvalidData" data-provider="nonValidValuesDataProvider" finished-at="2023-03-30T10:57:12 SAMT" duration-ms="119" status="PASS">
          <params>
            <param index="0">
              <value>
                <![CDATA[Zane]]>
              </value>
            </param>
            <param index="1">
              <value>
                <![CDATA[]]>
              </value>
            </param>
            <param index="2">
              <value>
                <![CDATA[83084]]>
              </value>
            </param>
          </params>
          <reporter-output>
          </reporter-output>
        </test-method> <!-- addNewCustomerWithInvalidData -->
        <test-method is-config="true" signature="closeAlert()[pri:0, instance:tests.AddCustomerTest@4eb63dc8]" started-at="2023-03-30T10:57:12 SAMT" name="closeAlert" finished-at="2023-03-30T10:57:12 SAMT" duration-ms="2" status="PASS">
          <reporter-output>
          </reporter-output>
        </test-method> <!-- closeAlert -->
        <test-method is-config="true" signature="setup()[pri:0, instance:tests.AddCustomerTest@4eb63dc8]" started-at="2023-03-30T10:57:12 SAMT" name="setup" finished-at="2023-03-30T10:57:13 SAMT" duration-ms="21" status="PASS">
          <reporter-output>
          </reporter-output>
        </test-method> <!-- setup -->
        <test-method signature="addNewCustomerWithInvalidData(java.lang.String,java.lang.String,java.lang.String)[pri:0, instance:tests.AddCustomerTest@4eb63dc8]" started-at="2023-03-30T10:57:13 SAMT" name="addNewCustomerWithInvalidData" data-provider="nonValidValuesDataProvider" finished-at="2023-03-30T10:57:13 SAMT" duration-ms="131" status="PASS">
          <params>
            <param index="0">
              <value>
                <![CDATA[Tova]]>
              </value>
            </param>
            <param index="1">
              <value>
                <![CDATA[Hamill]]>
              </value>
            </param>
            <param index="2">
              <value>
                <![CDATA[]]>
              </value>
            </param>
          </params>
          <reporter-output>
          </reporter-output>
        </test-method> <!-- addNewCustomerWithInvalidData -->
        <test-method is-config="true" signature="closeAlert()[pri:0, instance:tests.AddCustomerTest@4eb63dc8]" started-at="2023-03-30T10:57:13 SAMT" name="closeAlert" finished-at="2023-03-30T10:57:13 SAMT" duration-ms="3" status="PASS">
          <reporter-output>
          </reporter-output>
        </test-method> <!-- closeAlert -->
        <test-method is-config="true" signature="tearDown()[pri:0, instance:tests.AddCustomerTest@4eb63dc8]" started-at="2023-03-30T10:57:13 SAMT" name="tearDown" finished-at="2023-03-30T10:57:13 SAMT" duration-ms="122" status="PASS">
          <reporter-output>
          </reporter-output>
        </test-method> <!-- tearDown -->
      </class> <!-- tests.AddCustomerTest -->
      <class name="tests.FindCustomerTest">
        <test-method is-config="true" signature="setup()[pri:0, instance:tests.FindCustomerTest@5d2e6f62]" started-at="2023-03-30T10:57:09 SAMT" name="setup" finished-at="2023-03-30T10:57:12 SAMT" duration-ms="3325" status="PASS">
          <reporter-output>
          </reporter-output>
        </test-method> <!-- setup -->
        <test-method signature="searchCustomerByFirstName()[pri:0, instance:tests.FindCustomerTest@5d2e6f62]" started-at="2023-03-30T10:57:12 SAMT" name="searchCustomerByFirstName" finished-at="2023-03-30T10:57:12 SAMT" duration-ms="346" status="PASS">
          <reporter-output>
          </reporter-output>
        </test-method> <!-- searchCustomerByFirstName -->
        <test-method is-config="true" signature="setup()[pri:0, instance:tests.FindCustomerTest@5d2e6f62]" started-at="2023-03-30T10:57:12 SAMT" name="setup" finished-at="2023-03-30T10:57:13 SAMT" duration-ms="169" status="PASS">
          <reporter-output>
          </reporter-output>
        </test-method> <!-- setup -->
        <test-method signature="searchCustomerByLastName()[pri:0, instance:tests.FindCustomerTest@5d2e6f62]" started-at="2023-03-30T10:57:13 SAMT" name="searchCustomerByLastName" finished-at="2023-03-30T10:57:13 SAMT" duration-ms="60" status="PASS">
          <reporter-output>
          </reporter-output>
        </test-method> <!-- searchCustomerByLastName -->
        <test-method is-config="true" signature="setup()[pri:0, instance:tests.FindCustomerTest@5d2e6f62]" started-at="2023-03-30T10:57:13 SAMT" name="setup" finished-at="2023-03-30T10:57:13 SAMT" duration-ms="156" status="PASS">
          <reporter-output>
          </reporter-output>
        </test-method> <!-- setup -->
        <test-method signature="searchCustomerByFullName()[pri:0, instance:tests.FindCustomerTest@5d2e6f62]" started-at="2023-03-30T10:57:13 SAMT" name="searchCustomerByFullName" finished-at="2023-03-30T10:57:13 SAMT" duration-ms="43" status="PASS">
          <reporter-output>
          </reporter-output>
        </test-method> <!-- searchCustomerByFullName -->
        <test-method is-config="true" signature="tearDown()[pri:0, instance:tests.FindCustomerTest@5d2e6f62]" started-at="2023-03-30T10:57:13 SAMT" name="tearDown" finished-at="2023-03-30T10:57:13 SAMT" duration-ms="114" status="PASS">
          <reporter-output>
          </reporter-output>
        </test-method> <!-- tearDown -->
      </class> <!-- tests.FindCustomerTest -->
    </test> <!-- /Users/nfedorov/IdeaProjects/globalsQa -->
  </suite> <!-- All Test Suite -->
</testng-results>
