<?xml version="1.0" encoding="UTF-8"?>
<testsuite xmlns:xsi="http://www.w3.org/2001/XMLSchema-instance" xsi:noNamespaceSchemaLocation="https://maven.apache.org/surefire/maven-surefire-plugin/xsd/surefire-test-report.xsd" name="TestSuite" time="7.726" tests="10" errors="0" skipped="0" failures="0">
  <properties>
[...]
</properties>
  <testcase name="reverseSortCustomersList" classname="tests.SortCustomersListTest" time="0.065"/>
  <testcase name="sortCustomersList" classname="tests.SortCustomersListTest" time="0.116"/>
  <testcase name="addNewCustomer" classname="tests.AddCustomerTest" time="0.459"/>
  <testcase name="addNewCustomerWithInvalidData" classname="tests.AddCustomerTest" time="0.109"/>
  <testcase name="addNewCustomerWithInvalidData" classname="tests.AddCustomerTest" time="0.173"/>
  <testcase name="addNewCustomerWithInvalidData" classname="tests.AddCustomerTest" time="0.12"/>
  <testcase name="addNewCustomerWithInvalidData" classname="tests.AddCustomerTest" time="0.108"/>
  <testcase name="searchCustomerByFirstName" classname="tests.FindCustomerTest" time="0.202"/>
  <testcase name="searchCustomerByLastName" classname="tests.FindCustomerTest" time="0.06"/>
  <testcase name="searchCustomerByFullName" classname="tests.FindCustomerTest" time="0.044"/>
</testsuite>