<?xml version="1.0" encoding="UTF-8"?>
<!-- Generated by org.testng.reporters.JUnitXMLReporter -->
<testsuite ignored="0" hostname="MacBook-Pro-Nikita.local" failures="0" tests="10" name="/Users/nfedorov/IdeaProjects/globalsQa" time="4.241" errors="0" timestamp="2023-03-30T10:57:13 SAMT">
  <testcase classname="tests.SortCustomersListTest" name="reverseSortCustomersList" time="0.426"/>
  <testcase classname="tests.SortCustomersListTest" name="sortCustomersList" time="0.116"/>
  <testcase classname="tests.AddCustomerTest" name="addNewCustomer" time="0.552"/>
  <testcase classname="tests.AddCustomerTest" name="addNewCustomerWithInvalidData" time="0.101"/>
  <testcase classname="tests.AddCustomerTest" name="addNewCustomerWithInvalidData" time="0.171"/>
  <testcase classname="tests.FindCustomerTest" name="searchCustomerByFirstName" time="0.346"/>
  <testcase classname="tests.AddCustomerTest" name="addNewCustomerWithInvalidData" time="0.119"/>
  <testcase classname="tests.FindCustomerTest" name="searchCustomerByLastName" time="0.06"/>
  <testcase classname="tests.AddCustomerTest" name="addNewCustomerWithInvalidData" time="0.131"/>
  <testcase classname="tests.FindCustomerTest" name="searchCustomerByFullName" time="0.043"/>
</testsuite> <!-- /Users/nfedorov/IdeaProjects/globalsQa -->
